<?xml version="1.0" encoding="UTF-8" ?>
<testsuite 
errors="0" failures="0" hostname="uk160748" name="cjp.catalogue.resource.ManageProductResourceSpec" tests="16" time="0.875" timestamp="2017-03-14T10:21:06">
  <properties>
[...]
</properties>
  <testcase 
  name="calling GET /manage/product should return a list of product summaries" classname="cjp.catalogue.resource.ManageProductResourceSpec" time="0.394">
</testcase>
  <testcase 
  name="calling GET /manage/product/general-visit-visa should return general visit visa details" classname="cjp.catalogue.resource.ManageProductResourceSpec" time="0.102">
</testcase>
  <testcase 
  name="calling GET /manage/product/general-visit-visa should return a 404 response when no product is found" classname="cjp.catalogue.resource.ManageProductResourceSpec" time="0.021">
</testcase>
  <testcase 
  name="calling GET /manage/product/draft/general-visit-visa  should return 204 no content when there is no draft" classname="cjp.catalogue.resource.ManageProductResourceSpec" time="0.02">
</testcase>
  <testcase 
  name="calling GET /manage/product/draft/general-visit-visa  should return 200 when there is a draft" classname="cjp.catalogue.resource.ManageProductResourceSpec" time="0.039">
</testcase>
  <testcase 
  name="calling DELETE /manage/product/draft/general-visit-visa should return 204 if the draft is successfully deleted" classname="cjp.catalogue.resource.ManageProductResourceSpec" time="0.019">
</testcase>
  <testcase 
  name="calling DELETE /manage/product/draft/general-visit-visa should return 404 if there is no draft for the product" classname="cjp.catalogue.resource.ManageProductResourceSpec" time="0.017">
</testcase>
  <testcase 
  name="calling POST /product should create a new product" classname="cjp.catalogue.resource.ManageProductResourceSpec" time="0.097">
</testcase>
  <testcase 
  name="calling POST /product should return a 400 if the name has already been used" classname="cjp.catalogue.resource.ManageProductResourceSpec" time="0.02">
</testcase>
  <testcase 
  name="calling POST /manage/product/clone/general-visit-visa should return a 400 if the product title is not provided" classname="cjp.catalogue.resource.ManageProductResourceSpec" time="0.022">
</testcase>
  <testcase 
  name="calling POST /manage/product/clone/general-visit-visa should return a 404 if the existing product cannot be found" classname="cjp.catalogue.resource.ManageProductResourceSpec" time="0.019">
</testcase>
  <testcase 
  name="calling POST /manage/product/clone/general-visit-visa should return a 400 if the name has already been used" classname="cjp.catalogue.resource.ManageProductResourceSpec" time="0.028">
</testcase>
  <testcase 
  name="calling POST /manage/product/clone/general-visit-visa should return a 201 when a clone has been successfully created" classname="cjp.catalogue.resource.ManageProductResourceSpec" time="0.017">
</testcase>
  <testcase 
  name="calling PUT /manage/product/general-visit-visa should update the exiting product" classname="cjp.catalogue.resource.ManageProductResourceSpec" time="0.014">
</testcase>
  <testcase 
  name="calling PUT /manage/product/missing should return 400" classname="cjp.catalogue.resource.ManageProductResourceSpec" time="0.017">
</testcase>
  <testcase 
  name="calling GET /manage/product/tags should return all the tags" classname="cjp.catalogue.resource.ManageProductResourceSpec" time="0.015">
</testcase>
  <system-out><![CDATA[]]></system-out>
  <system-err><![CDATA[]]></system-err>
</testsuite>
