<?xml version="1.0" encoding="UTF-8" ?>
<testsuite 
errors="0" failures="0" hostname="uk160748" name="cjp.catalogue.resource.EffectiveDateResourceTimemachineOnSpec" tests="2" time="0.018" timestamp="2017-03-14T10:21:07">
  <properties>
[...]
</properties>
  <testcase 
  name="calling PUT /manage/effectiveDate should set the effective date and return 204 if timemachine feature switch enabled" classname="cjp.catalogue.resource.EffectiveDateResourceTimemachineOnSpec" time="0.017">
</testcase>
  <testcase 
  name="calling DELETE /manage/effectiveDate should reset the effective date and return 204 if timemachine feature switch enabled" classname="cjp.catalogue.resource.EffectiveDateResourceTimemachineOnSpec" time="0.001">
</testcase>
  <system-out><![CDATA[]]></system-out>
  <system-err><![CDATA[]]></system-err>
</testsuite>
