<?xml version="1.0" encoding="UTF-8" ?>
<testsuite 
errors="0" failures="0" hostname="uk160748" name="cjp.catalogue.service.ProductManagementServiceSpec" tests="33" time="0.105" timestamp="2017-03-14T10:21:07">
  <properties>
[...]
</properties>
  <testcase 
  name="getSummaries should should fetch active product as summaries" classname="cjp.catalogue.service.ProductManagementServiceSpec" time="0.019">
</testcase>
  <testcase 
  name="getSummaries should should fetch draft product if no active product is available" classname="cjp.catalogue.service.ProductManagementServiceSpec" time="0.003">
</testcase>
  <testcase 
  name="getSummaries should should fetch active product if both active product and draft available" classname="cjp.catalogue.service.ProductManagementServiceSpec" time="0.001">
</testcase>
  <testcase 
  name="getDraft should return None if timeline for product does not exist" classname="cjp.catalogue.service.ProductManagementServiceSpec" time="0.0">
</testcase>
  <testcase 
  name="getDraft should return None if there is no draft on the timeline" classname="cjp.catalogue.service.ProductManagementServiceSpec" time="0.0">
</testcase>
  <testcase 
  name="getDraft should return the draft version" classname="cjp.catalogue.service.ProductManagementServiceSpec" time="0.002">
</testcase>
  <testcase 
  name="update product should throw exception if the timeline for the product does not exist" classname="cjp.catalogue.service.ProductManagementServiceSpec" time="0.004">
</testcase>
  <testcase 
  name="update product should throw exception if no products are on the timeline" classname="cjp.catalogue.service.ProductManagementServiceSpec" time="0.002">
</testcase>
  <testcase 
  name="update product should throw exception if effective date is earlier than today" classname="cjp.catalogue.service.ProductManagementServiceSpec" time="0.002">
</testcase>
  <testcase 
  name="update product should create a new draft version when there is no existing draft" classname="cjp.catalogue.service.ProductManagementServiceSpec" time="0.004">
</testcase>
  <testcase 
  name="update product should update the existing draft using the serviceAddOns from the live product" classname="cjp.catalogue.service.ProductManagementServiceSpec" time="0.002">
</testcase>
  <testcase 
  name="update product should update the existing draft and the timeline even when there is no live product" classname="cjp.catalogue.service.ProductManagementServiceSpec" time="0.001">
</testcase>
  <testcase 
  name="delete draft version should throw exception if there is no timeline for the product" classname="cjp.catalogue.service.ProductManagementServiceSpec" time="0.004">
</testcase>
  <testcase 
  name="delete draft version should throw exception if there is no draft" classname="cjp.catalogue.service.ProductManagementServiceSpec" time="0.002">
</testcase>
  <testcase 
  name="delete draft version should remove the draft" classname="cjp.catalogue.service.ProductManagementServiceSpec" time="0.005">
</testcase>
  <testcase 
  name="create should persist a new product, create a timeline for it and set it as the active product" classname="cjp.catalogue.service.ProductManagementServiceSpec" time="0.003">
</testcase>
  <testcase 
  name="cloneProduct should return none if the existing product cannot be found" classname="cjp.catalogue.service.ProductManagementServiceSpec" time="0.002">
</testcase>
  <testcase 
  name="cloneProduct should return the name of the cloned product when successful" classname="cjp.catalogue.service.ProductManagementServiceSpec" time="0.001">
</testcase>
  <testcase 
  name="validateFacet should throw IlegalArgumentException when facet contains attribute of the wrong kind" classname="cjp.catalogue.service.ProductManagementServiceSpec" time="0.002">
</testcase>
  <testcase 
  name="validateFacet should throw IlegalArgumentException when facet contains attribute with the wrong evidence kinds" classname="cjp.catalogue.service.ProductManagementServiceSpec" time="0.003">
</testcase>
  <testcase 
  name="validateFacet should return true when facet contains valid attributes" classname="cjp.catalogue.service.ProductManagementServiceSpec" time="0.003">
</testcase>
  <testcase 
  name="validateAttribute should return true when the attribute matches the definition" classname="cjp.catalogue.service.ProductManagementServiceSpec" time="0.0">
</testcase>
  <testcase 
  name="validateAttribute should return false when the attribute kind does not match the definition" classname="cjp.catalogue.service.ProductManagementServiceSpec" time="0.0">
</testcase>
  <testcase 
  name="validateAttribute should return true when the attribute evidence kinds are a subset of the definition" classname="cjp.catalogue.service.ProductManagementServiceSpec" time="0.0">
</testcase>
  <testcase 
  name="validateAttribute should return false when the attribute evidence kinds are not a subset of the definition" classname="cjp.catalogue.service.ProductManagementServiceSpec" time="0.001">
</testcase>
  <testcase 
  name="transformAndValidate should throw an illegal argument exception with invalid attributes" classname="cjp.catalogue.service.ProductManagementServiceSpec" time="0.002">
</testcase>
  <testcase 
  name="transformAndValidate should should convert an integer attribute to a decimal attribute" classname="cjp.catalogue.service.ProductManagementServiceSpec" time="0.002">
</testcase>
  <testcase 
  name="getEffectiveAt should return product at given date" classname="cjp.catalogue.service.ProductManagementServiceSpec" time="0.002">
</testcase>
  <testcase 
  name="getEffectiveAt should return None if product does not exist" classname="cjp.catalogue.service.ProductManagementServiceSpec" time="0.001">
</testcase>
  <testcase 
  name="getEffectiveAt should return None if product timeline does not exist for given product" classname="cjp.catalogue.service.ProductManagementServiceSpec" time="0.0">
</testcase>
  <testcase 
  name="getEffectiveAt should return None if product does not exist on the timeline at given date" classname="cjp.catalogue.service.ProductManagementServiceSpec" time="0.001">
</testcase>
  <testcase 
  name="getEffectiveAt should fetch a product with an attribute having 'validValues' defined on it" classname="cjp.catalogue.service.ProductManagementServiceSpec" time="0.009">
</testcase>
  <testcase 
  name="getEffectiveAt should fetch attribute with related products" classname="cjp.catalogue.service.ProductManagementServiceSpec" time="0.003">
</testcase>
  <system-out><![CDATA[]]></system-out>
  <system-err><![CDATA[]]></system-err>
</testsuite>
